<?xml version="1.0" encoding="UTF-8"?>
<!-- Generated by org.testng.reporters.JUnitReportReporter -->
<testsuite hostname="NOI-73JS6C2" name="com.edge.GFS.online.TestGFSOnline" tests="5" failures="0" timestamp="12 Apr 2017 10:13:07 GMT" time="210.298" errors="0">
  <testcase name="Bottega_GFS" time="42.197" classname="com.edge.GFS.online.TestGFSOnline"/>
  <testcase name="Agliolio_GFS" time="42.457" classname="com.edge.GFS.online.TestGFSOnline"/>
  <testcase name="HouseTK_GFS" time="40.412" classname="com.edge.GFS.online.TestGFSOnline"/>
  <testcase name="AgliolioWellington_GFS" time="39.361" classname="com.edge.GFS.online.TestGFSOnline"/>
  <testcase name="TownKitchen_GFS" time="45.871" classname="com.edge.GFS.online.TestGFSOnline"/>
</testsuite> <!-- com.edge.GFS.online.TestGFSOnline -->
