<?xml version="1.0" encoding="UTF-8"?>
<!-- Generated by org.testng.reporters.JUnitReportReporter -->
<testsuite hostname="NOI-73JS6C2" name="com.edge.GFS.online.TestGFSOnline" tests="1" failures="0" timestamp="29 Jan 2017 20:53:23 GMT" time="24.734" errors="0">
  <testcase name="Espositos_GFS" time="24.734" classname="com.edge.GFS.online.TestGFSOnline"/>
</testsuite> <!-- com.edge.GFS.online.TestGFSOnline -->
