<?xml version="1.0" encoding="UTF-8"?>
<!-- Generated by org.testng.reporters.JUnitReportReporter -->
<testsuite hostname="1SF28Q" name="com.edge.GFS.online.TestGFSOnline" tests="19" failures="0" timestamp="20 Feb 2017 14:38:11 GMT" time="411.485" errors="1">
  <testcase name="Gilberts_GFS" time="21.547" classname="com.edge.GFS.online.TestGFSOnline"/>
  <testcase name="SportsGrillPalmetto_GFS" time="22.557" classname="com.edge.GFS.online.TestGFSOnline"/>
  <testcase name="Liguoris_GFS" time="22.138" classname="com.edge.GFS.online.TestGFSOnline"/>
  <testcase name="SportsGrillPembroke_GFS" time="22.479" classname="com.edge.GFS.online.TestGFSOnline"/>
  <testcase name="SportsGrillKendall_GFS" time="22.268" classname="com.edge.GFS.online.TestGFSOnline"/>
  <testcase name="SportsGrillSouthMiami_GFS" time="19.455" classname="com.edge.GFS.online.TestGFSOnline"/>
  <testcase name="Hamiltons_GFS" time="23.593" classname="com.edge.GFS.online.TestGFSOnline"/>
  <testcase name="SportsGrillSunset_GFS" time="21.510" classname="com.edge.GFS.online.TestGFSOnline"/>
  <testcase name="Woodfield_GFS" time="21.386" classname="com.edge.GFS.online.TestGFSOnline"/>
  <testcase name="Talavera_GFS" time="21.585" classname="com.edge.GFS.online.TestGFSOnline"/>
  <testcase name="ConchRep_GFS" time="21.715" classname="com.edge.GFS.online.TestGFSOnline"/>
  <testcase name="TrumpIntl_GFS" time="25.924" classname="com.edge.GFS.online.TestGFSOnline"/>
  <testcase name="Espositos_GFS" time="24.344" classname="com.edge.GFS.online.TestGFSOnline"/>
  <testcase name="BigPink_GFS" time="19.908" classname="com.edge.GFS.online.TestGFSOnline"/>
  <testcase name="Prime112_GFS" time="23.194" classname="com.edge.GFS.online.TestGFSOnline"/>
  <testcase name="Strebs_GFS" time="8.493" classname="com.edge.GFS.online.TestGFSOnline">
    <error type="junit.framework.ComparisonFailure" message="expected:&lt;....gfs.com/experience/[main/portal.html]&gt; but was:&lt;....gfs.com/experience/[portal/j_security_check]&gt;">
      <![CDATA[junit.framework.ComparisonFailure: expected:<....gfs.com/experience/[main/portal.html]> but was:<....gfs.com/experience/[portal/j_security_check]>
	at junit.framework.Assert.assertEquals(Assert.java:85)
	at junit.framework.Assert.assertEquals(Assert.java:91)
	at com.edge.GFS.online.CommonGFS.StepsToExport(CommonGFS.java:159)
	at com.edge.GFS.online.TestGFSOnline.Strebs_GFS(TestGFSOnline.java:277)
	at sun.reflect.NativeMethodAccessorImpl.invoke0(Native Method)
	at sun.reflect.NativeMethodAccessorImpl.invoke(NativeMethodAccessorImpl.java:62)
	at sun.reflect.DelegatingMethodAccessorImpl.invoke(DelegatingMethodAccessorImpl.java:43)
	at java.lang.reflect.Method.invoke(Method.java:498)
	at org.testng.internal.MethodInvocationHelper.invokeMethod(MethodInvocationHelper.java:80)
	at org.testng.internal.Invoker.invokeMethod(Invoker.java:714)
	at org.testng.internal.Invoker.invokeTestMethod(Invoker.java:901)
	at org.testng.internal.Invoker.invokeTestMethods(Invoker.java:1231)
	at org.testng.internal.TestMethodWorker.invokeTestMethods(TestMethodWorker.java:127)
	at org.testng.internal.TestMethodWorker.run(TestMethodWorker.java:111)
	at org.testng.TestRunner.privateRun(TestRunner.java:767)
	at org.testng.TestRunner.run(TestRunner.java:617)
	at org.testng.SuiteRunner.runTest(SuiteRunner.java:334)
	at org.testng.SuiteRunner.runSequentially(SuiteRunner.java:329)
	at org.testng.SuiteRunner.privateRun(SuiteRunner.java:291)
	at org.testng.SuiteRunner.run(SuiteRunner.java:240)
	at org.testng.SuiteRunnerWorker.runSuite(SuiteRunnerWorker.java:52)
	at org.testng.SuiteRunnerWorker.run(SuiteRunnerWorker.java:86)
	at org.testng.TestNG.runSuitesSequentially(TestNG.java:1198)
	at org.testng.TestNG.runSuitesLocally(TestNG.java:1123)
	at org.testng.TestNG.run(TestNG.java:1031)
	at org.apache.maven.surefire.testng.TestNGExecutor.run(TestNGExecutor.java:77)
	at org.apache.maven.surefire.testng.TestNGDirectoryTestSuite.executeSingleClass(TestNGDirectoryTestSuite.java:126)
	at org.apache.maven.surefire.testng.TestNGDirectoryTestSuite.execute(TestNGDirectoryTestSuite.java:110)
	at org.apache.maven.surefire.testng.TestNGProvider.invoke(TestNGProvider.java:117)
	at sun.reflect.NativeMethodAccessorImpl.invoke0(Native Method)
	at sun.reflect.NativeMethodAccessorImpl.invoke(NativeMethodAccessorImpl.java:62)
	at sun.reflect.DelegatingMethodAccessorImpl.invoke(DelegatingMethodAccessorImpl.java:43)
	at java.lang.reflect.Method.invoke(Method.java:498)
	at org.apache.maven.surefire.util.ReflectionUtils.invokeMethodWithArray2(ReflectionUtils.java:208)
	at org.apache.maven.surefire.booter.ProviderFactory$ProviderProxy.invoke(ProviderFactory.java:158)
	at org.apache.maven.surefire.booter.ProviderFactory.invokeProvider(ProviderFactory.java:86)
	at org.apache.maven.surefire.booter.ForkedBooter.runSuitesInProcess(ForkedBooter.java:153)
	at org.apache.maven.surefire.booter.ForkedBooter.main(ForkedBooter.java:95)
]]>
    </error>
  </testcase> <!-- Strebs_GFS -->
  <testcase name="TownKitchen_GFS" time="21.627" classname="com.edge.GFS.online.TestGFSOnline"/>
  <testcase name="OldKeyLime_GFS" time="21.778" classname="com.edge.GFS.online.TestGFSOnline"/>
  <testcase name="Bottega_GFS" time="25.984" classname="com.edge.GFS.online.TestGFSOnline"/>
</testsuite> <!-- com.edge.GFS.online.TestGFSOnline -->
